<?xml version="1.0" encoding="UTF-8"?>
<testsuite xmlns:xsi="http://www.w3.org/2001/XMLSchema-instance" xsi:noNamespaceSchemaLocation="https://maven.apache.org/surefire/maven-surefire-plugin/xsd/surefire-test-report-3.0.xsd" version="3.0" name="tfgflow.tfgFlowTests" time="3.422" tests="1" errors="0" skipped="0" failures="0">
  <properties>
[...]
</properties>
  <testcase name="testParallel" classname="tfgflow.tfgFlowTests" time="3.403">
    <system-out><![CDATA[14:18:57.059 [main] DEBUG com.intuit.karate.Suite - [config] classpath:karate-config.js
14:18:57.065 [main] INFO  com.intuit.karate.Suite - backed up existing 'target\karate-reports' dir to: target\karate-reports_1697995137063
14:18:58.085 [pool-2-thread-1] INFO  com.intuit.karate - karate.env system property was: null 
14:18:58.327 [pool-2-thread-1] DEBUG com.intuit.karate - request:
1 > GET http://localhost:7071/institute/
1 > Host: localhost:7071
1 > Connection: Keep-Alive
1 > User-Agent: Apache-HttpClient/4.5.14 (Java/20.0.2)
1 > Accept-Encoding: gzip,deflate


14:18:58.805 [pool-2-thread-1] DEBUG com.intuit.karate - response time in milliseconds: 475
1 < 401
1 < Content-Type: text/plain;charset=UTF-8
1 < Date: Sun, 22 Oct 2023 17:18:58 GMT
1 < Server: Kestrel
1 < Transfer-Encoding: chunked
{
  "status": 401,
  "message": "Unauthorized",
  "body": null
}

---------------------------------------------------------
feature: classpath:tfgflow/users/features/testing.feature
scenarios:  1 | passed:  1 | failed:  0 | time: 0,7171
---------------------------------------------------------

14:18:59.309 [pool-3-thread-1] INFO  com.intuit.karate.Suite - <<pass>> feature 1 of 1 (0 remaining) classpath:tfgflow/users/features/testing.feature
Karate version: 1.4.1
======================================================
elapsed:   2,88 | threads:    5 | thread time: 0,72 
features:     1 | skipped:    0 | efficiency: 0,05
scenarios:    1 | passed:     1 | failed: 0
======================================================

HTML report: (paste into browser to view) | Karate version: 1.4.1
file:///C:/Users/victor/Documents/Repos/TFG-Flow/backend/tfgflowTests/target/karate-reports/karate-summary.html
===================================================================

]]></system-out>
  </testcase>
</testsuite>